# JRE version: Java(TM) SE Runtime Environment (17.0.12+8) (build 17.0.12+8-LTS-286)
# Java VM: Java HotSpot(TM) 64-Bit Server VM (17.0.12+8-LTS-286, mixed mode, emulated-client, sharing, tiered, compressed oops, compressed class ptrs, g1 gc, windows-amd64)
GC Precious Log:
 CPUs: 16 total, 16 available
 Memory: 23946M
 Large Page Support: Disabled
 NUMA Support: Disabled
 Compressed Oops: Enabled (Zero based)
 Heap Region Size: 4M
 Heap Min Capacity: 8M
 Heap Initial Capacity: 376M
 Heap Max Capacity: 5988M
 Pre-touch: Disabled
 Parallel Workers: 13
 Concurrent Workers: 3
 Concurrent Refinement Workers: 13
 Periodic GC: Disabled
Heap:
 garbage-first heap   total 192512K, used 135981K [0x0000000689c00000, 0x0000000800000000)
  region size 4096K, 24 young (98304K), 0 survivors (0K)
 Metaspace       used 88119K, committed 89152K, reserved 1179648K
  class space    used 12953K, committed 13440K, reserved 1048576K
GC Heap History (20 events):
Event: 6.852 GC heap before
{Heap before GC invocations=32 (full 0):
 garbage-first heap   total 360448K, used 218393K [0x0000000689c00000, 0x0000000800000000)
  region size 4096K, 26 young (106496K), 1 survivors (4096K)
 Metaspace       used 70659K, committed 71296K, reserved 1114112K
  class space    used 10456K, committed 10752K, reserved 1048576K
}
Event: 6.854 GC heap after
{Heap after GC invocations=33 (full 0):
 garbage-first heap   total 360448K, used 118066K [0x0000000689c00000, 0x0000000800000000)
  region size 4096K, 2 young (8192K), 2 survivors (8192K)
 Metaspace       used 70659K, committed 71296K, reserved 1114112K
  class space    used 10456K, committed 10752K, reserved 1048576K
}
Event: 7.932 GC heap before
{Heap before GC invocations=33 (full 0):
 garbage-first heap   total 360448K, used 228658K [0x0000000689c00000, 0x0000000800000000)
  region size 4096K, 29 young (118784K), 2 survivors (8192K)
 Metaspace       used 81134K, committed 81856K, reserved 1179648K
  class space    used 11950K, committed 12288K, reserved 1048576K
}
Event: 7.936 GC heap after
{Heap after GC invocations=34 (full 0):
 garbage-first heap   total 360448K, used 124890K [0x0000000689c00000, 0x0000000800000000)
  region size 4096K, 3 young (12288K), 3 survivors (12288K)
 Metaspace       used 81134K, committed 81856K, reserved 1179648K
  class space    used 11950K, committed 12288K, reserved 1048576K
}
Event: 12.291 GC heap before
{Heap before GC invocations=34 (full 0):
 garbage-first heap   total 360448K, used 255962K [0x0000000689c00000, 0x0000000800000000)
  region size 4096K, 35 young (143360K), 3 survivors (12288K)
 Metaspace       used 81849K, committed 82560K, reserved 1179648K
  class space    used 12044K, committed 12352K, reserved 1048576K
}
Event: 12.294 GC heap after
{Heap after GC invocations=35 (full 0):
 garbage-first heap   total 360448K, used 125571K [0x0000000689c00000, 0x0000000800000000)
  region size 4096K, 3 young (12288K), 3 survivors (12288K)
 Metaspace       used 81849K, committed 82560K, reserved 1179648K
  class space    used 12044K, committed 12352K, reserved 1048576K
}
Event: 17.060 GC heap before
{Heap before GC invocations=36 (full 0):
 garbage-first heap   total 360448K, used 260739K [0x0000000689c00000, 0x0000000800000000)
  region size 4096K, 38 young (155648K), 3 survivors (12288K)
 Metaspace       used 81851K, committed 82560K, reserved 1179648K
  class space    used 12046K, committed 12352K, reserved 1048576K
}
Event: 17.062 GC heap after
{Heap after GC invocations=37 (full 0):
 garbage-first heap   total 360448K, used 117121K [0x0000000689c00000, 0x0000000800000000)
  region size 4096K, 2 young (8192K), 2 survivors (8192K)
 Metaspace       used 81851K, committed 82560K, reserved 1179648K
  class space    used 12046K, committed 12352K, reserved 1048576K
}
Event: 17.336 GC heap before
{Heap before GC invocations=37 (full 0):
 garbage-first heap   total 360448K, used 125313K [0x0000000689c00000, 0x0000000800000000)
  region size 4096K, 4 young (16384K), 2 survivors (8192K)
 Metaspace       used 81851K, committed 82560K, reserved 1179648K
  class space    used 12046K, committed 12352K, reserved 1048576K
}
Event: 17.339 GC heap after
{Heap after GC invocations=38 (full 0):
 garbage-first heap   total 360448K, used 81597K [0x0000000689c00000, 0x0000000800000000)
  region size 4096K, 1 young (4096K), 1 survivors (4096K)
 Metaspace       used 81851K, committed 82560K, reserved 1179648K
  class space    used 12046K, committed 12352K, reserved 1048576K
}
Event: 17.745 GC heap before
{Heap before GC invocations=38 (full 0):
 garbage-first heap   total 360448K, used 93885K [0x0000000689c00000, 0x0000000800000000)
  region size 4096K, 4 young (16384K), 1 survivors (4096K)
 Metaspace       used 81851K, committed 82560K, reserved 1179648K
  class space    used 12046K, committed 12352K, reserved 1048576K
}
Event: 17.746 GC heap after
{Heap after GC invocations=39 (full 0):
 garbage-first heap   total 360448K, used 66695K [0x0000000689c00000, 0x0000000800000000)
  region size 4096K, 1 young (4096K), 1 survivors (4096K)
 Metaspace       used 81851K, committed 82560K, reserved 1179648K
  class space    used 12046K, committed 12352K, reserved 1048576K
}
Event: 59.315 GC heap before
{Heap before GC invocations=39 (full 0):
 garbage-first heap   total 360448K, used 275591K [0x0000000689c00000, 0x0000000800000000)
  region size 4096K, 52 young (212992K), 1 survivors (4096K)
 Metaspace       used 84948K, committed 85696K, reserved 1179648K
  class space    used 12495K, committed 12864K, reserved 1048576K
}
Event: 59.317 GC heap after
{Heap after GC invocations=40 (full 0):
 garbage-first heap   total 360448K, used 68542K [0x0000000689c00000, 0x0000000800000000)
  region size 4096K, 1 young (4096K), 1 survivors (4096K)
 Metaspace       used 84948K, committed 85696K, reserved 1179648K
  class space    used 12495K, committed 12864K, reserved 1048576K
}
Event: 91.934 GC heap before
{Heap before GC invocations=40 (full 0):
 garbage-first heap   total 360448K, used 273342K [0x0000000689c00000, 0x0000000800000000)
  region size 4096K, 52 young (212992K), 1 survivors (4096K)
 Metaspace       used 87169K, committed 88320K, reserved 1179648K
  class space    used 12906K, committed 13440K, reserved 1048576K
}
Event: 91.938 GC heap after
{Heap after GC invocations=41 (full 0):
 garbage-first heap   total 360448K, used 72732K [0x0000000689c00000, 0x0000000800000000)
  region size 4096K, 2 young (8192K), 2 survivors (8192K)
 Metaspace       used 87169K, committed 88320K, reserved 1179648K
  class space    used 12906K, committed 13440K, reserved 1048576K
}
Event: 748.744 GC heap before
{Heap before GC invocations=41 (full 0):
 garbage-first heap   total 360448K, used 277532K [0x0000000689c00000, 0x0000000800000000)
  region size 4096K, 52 young (212992K), 2 survivors (8192K)
 Metaspace       used 87231K, committed 88384K, reserved 1179648K
  class space    used 12922K, committed 13440K, reserved 1048576K
}
Event: 748.747 GC heap after
{Heap after GC invocations=42 (full 0):
 garbage-first heap   total 360448K, used 73164K [0x0000000689c00000, 0x0000000800000000)
  region size 4096K, 2 young (8192K), 2 survivors (8192K)
 Metaspace       used 87231K, committed 88384K, reserved 1179648K
  class space    used 12922K, committed 13440K, reserved 1048576K
}
Event: 923.603 GC heap before
{Heap before GC invocations=43 (full 0):
 garbage-first heap   total 274432K, used 130508K [0x0000000689c00000, 0x0000000800000000)
  region size 4096K, 17 young (69632K), 2 survivors (8192K)
 Metaspace       used 87033K, committed 88384K, reserved 1179648K
  class space    used 12880K, committed 13440K, reserved 1048576K
}
Event: 923.650 GC heap after
{Heap after GC invocations=44 (full 1):
 garbage-first heap   total 192512K, used 41773K [0x0000000689c00000, 0x0000000800000000)
  region size 4096K, 0 young (0K), 0 survivors (0K)
 Metaspace       used 86895K, committed 88384K, reserved 1179648K
  class space    used 12851K, committed 13440K, reserved 1048576K
}

